{
  "RSpec": {
    "coverage": {
      "/Users/Lisa/Documents/capstone-dpl-project/spec/controllers/clients_controller_spec.rb": [
        1,
        null,
        1,
        null,
        null
      ],
      "/Users/Lisa/Documents/capstone-dpl-project/spec/rails_helper.rb": [
        null,
        1,
        1,
        1,
        1,
        null,
        null,
        null,
        null,
        null,
        null,
        null,
        null,
        1,
        null,
        null,
        null,
        1,
        1,
        null,
        1,
        1,
        null,
        1,
        null,
        null,
        null,
        null,
        1,
        null,
        null,
        null,
        null,
        null,
        null,
        null,
        null,
        null,
        null,
        null,
        null,
        null,
        null,
        1,
        1,
        1,
        1,
        9,
        null,
        1,
        9,
        null,
        null
      ],
      "/Users/Lisa/Documents/capstone-dpl-project/config/environment.rb": [
        null,
        1,
        null,
        null,
        1
      ],
      "/Users/Lisa/Documents/capstone-dpl-project/config/application.rb": [
        1,
        null,
        1,
        null,
        null,
        null,
        1,
        null,
        1,
        1,
        1,
        1,
        null,
        null,
        null
      ],
      "/Users/Lisa/Documents/capstone-dpl-project/config/boot.rb": [
        null,
        1,
        null,
        1
      ],
      "/Users/Lisa/Documents/capstone-dpl-project/config/environments/test.rb": [
        1,
        null,
        null,
        null,
        null,
        null,
        null,
        1,
        null,
        null,
        null,
        null,
        1,
        null,
        null,
        1,
        1,
        null,
        null,
        1,
        1,
        null,
        null,
        1,
        null,
        null,
        1,
        null,
        null,
        null,
        null,
        1,
        null,
        null,
        1,
        null,
        null,
        null,
        1,
        null
      ],
      "/Users/Lisa/Documents/capstone-dpl-project/config/initializers/backtrace_silencers.rb": [
        null,
        null,
        null,
        null,
        null,
        null,
        null
      ],
      "/Users/Lisa/Documents/capstone-dpl-project/config/initializers/cookies_serializer.rb": [
        null,
        null,
        1
      ],
      "/Users/Lisa/Documents/capstone-dpl-project/config/initializers/devise.rb": [
        null,
        null,
        1,
        null,
        null,
        null,
        null,
        null,
        null,
        null,
        null,
        null,
        null,
        null,
        null,
        null,
        1,
        null,
        null,
        null,
        null,
        null,
        null,
        null,
        null,
        1,
        null,
        null,
        null,
        null,
        null,
        null,
        null,
        null,
        null,
        null,
        null,
        null,
        null,
        null,
        null,
        null,
        null,
        null,
        null,
        null,
        null,
        1,
        null,
        null,
        null,
        null,
        1,
        null,
        null,
        null,
        null,
        null,
        null,
        null,
        null,
        null,
        null,
        null,
        null,
        null,
        null,
        null,
        null,
        null,
        null,
        null,
        null,
        null,
        null,
        null,
        null,
        null,
        null,
        null,
        null,
        null,
        null,
        1,
        null,
        null,
        null,
        null,
        null,
        null,
        null,
        null,
        null,
        null,
        null,
        null,
        null,
        null,
        null,
        null,
        1,
        null,
        null,
        null,
        null,
        null,
        null,
        null,
        null,
        null,
        null,
        null,
        null,
        null,
        null,
        null,
        null,
        null,
        null,
        null,
        null,
        null,
        null,
        null,
        null,
        null,
        null,
        null,
        null,
        1,
        null,
        null,
        null,
        null,
        null,
        null,
        null,
        null,
        null,
        null,
        null,
        null,
        null,
        null,
        null,
        null,
        null,
        1,
        null,
        null,
        null,
        null,
        null,
        null,
        null,
        null,
        null,
        null,
        null,
        null,
        null,
        null,
        null,
        null,
        null,
        null,
        null,
        null,
        null,
        null,
        null,
        null,
        null,
        null,
        null,
        null,
        null,
        null,
        null,
        null,
        null,
        null,
        null,
        null,
        null,
        null,
        null,
        null,
        null,
        null,
        null,
        null,
        null,
        null,
        null,
        null,
        1,
        null,
        null,
        null,
        null,
        null,
        null,
        null,
        null,
        null,
        null,
        null,
        null,
        null,
        null,
        null,
        null,
        null,
        null,
        null,
        null,
        null,
        null,
        null,
        null,
        null,
        null,
        null,
        null,
        null,
        null,
        null,
        null,
        null,
        null,
        null,
        null,
        null,
        1,
        null,
        null,
        null,
        null,
        null,
        null,
        null,
        null,
        null,
        null,
        null,
        null,
        null,
        null,
        null,
        null,
        null,
        null,
        null,
        null,
        null,
        null,
        null,
        null,
        null,
        null,
        null,
        null,
        null
      ],
      "/Users/Lisa/Documents/capstone-dpl-project/config/initializers/filter_parameter_logging.rb": [
        null,
        null,
        null,
        1
      ],
      "/Users/Lisa/Documents/capstone-dpl-project/config/initializers/inflections.rb": [
        null,
        null,
        null,
        null,
        null,
        null,
        null,
        null,
        null,
        null,
        null,
        null,
        null,
        null,
        null,
        null
      ],
      "/Users/Lisa/Documents/capstone-dpl-project/config/initializers/mime_types.rb": [
        null,
        null,
        null,
        null
      ],
      "/Users/Lisa/Documents/capstone-dpl-project/config/initializers/session_store.rb": [
        null,
        null,
        1
      ],
      "/Users/Lisa/Documents/capstone-dpl-project/config/initializers/wrap_parameters.rb": [
        null,
        null,
        null,
        null,
        null,
        null,
        1,
        1,
        null,
        null,
        null,
        null,
        null,
        null
      ],
      "/Users/Lisa/Documents/capstone-dpl-project/spec/factories/goals.rb": [
        null,
        null,
        1,
        1,
        null,
        null
      ],
      "/Users/Lisa/Documents/capstone-dpl-project/spec/factories/user_goals.rb": [
        null,
        null,
        1,
        1,
        null,
        null
      ],
      "/Users/Lisa/Documents/capstone-dpl-project/spec/factories/users.rb": [
        null,
        null,
        1,
        1,
        1,
        1,
        null,
        null,
        null
      ],
      "/Users/Lisa/Documents/capstone-dpl-project/config/routes.rb": [
        1,
        null,
        1,
        1,
        1,
        null,
        null,
        1,
        1,
        null,
        1,
        1,
        1,
        null,
        null,
        null,
        null,
        null,
        null,
        null,
        null,
        null,
        null,
        null,
        null,
        null,
        null,
        null,
        null,
        null,
        null,
        null,
        null,
        null,
        null,
        null,
        null,
        null,
        null,
        null,
        null,
        null,
        null,
        null,
        null,
        null,
        null,
        null,
        null,
        null,
        null,
        null,
        null,
        null,
        null,
        null,
        null,
        null,
        null,
        null,
        null,
        null,
        null,
        null,
        null,
        null,
        null,
        null,
        null,
        null,
        null
      ],
      "/Users/Lisa/Documents/capstone-dpl-project/app/models/user.rb": [
        1,
        null,
        null,
        1,
        null,
        null,
        1,
        1,
        1,
        null,
        null,
        null
      ],
      "/Users/Lisa/Documents/capstone-dpl-project/app/helpers/application_helper.rb": [
        1,
        null
      ],
      "/Users/Lisa/Documents/capstone-dpl-project/app/helpers/clients_helper.rb": [
        1,
        null
      ],
      "/Users/Lisa/Documents/capstone-dpl-project/app/helpers/goals_helper.rb": [
        1,
        null
      ],
      "/Users/Lisa/Documents/capstone-dpl-project/app/helpers/site_helper.rb": [
        1,
        null
      ],
      "/Users/Lisa/Documents/capstone-dpl-project/app/helpers/user_goals_helper.rb": [
        1,
        null
      ],
      "/Users/Lisa/Documents/capstone-dpl-project/db/schema.rb": [
        null,
        null,
        null,
        null,
        null,
        null,
        null,
        null,
        null,
        null,
        null,
        null,
        null,
        1,
        null,
        null,
        1,
        null,
        1,
        1,
        1,
        1,
        1,
        1,
        1,
        1,
        null,
        null,
        1,
        1,
        1,
        1,
        1,
        1,
        1,
        1,
        1,
        1,
        null,
        null,
        1,
        1,
        1,
        1,
        1,
        1,
        1,
        1,
        1,
        1,
        1,
        1,
        1,
        1,
        null,
        null,
        1,
        1,
        1,
        null,
        null
      ],
      "/Users/Lisa/Documents/capstone-dpl-project/app/controllers/clients_controller.rb": [
        1,
        1,
        1,
        null,
        1,
        null,
        1,
        0,
        0,
        null,
        null,
        null
      ],
      "/Users/Lisa/Documents/capstone-dpl-project/app/controllers/application_controller.rb": [
        1,
        1,
        null,
        null,
        1,
        null,
        1,
        null,
        1,
        0,
        0,
        null,
        0,
        null,
        null,
        null,
        1,
        null,
        1,
        0,
        0,
        null,
        null,
        null
      ],
      "/Users/Lisa/Documents/capstone-dpl-project/spec/controllers/user_goals_controller_spec.rb": [
        1,
        null,
        1,
        null,
        null
      ],
      "/Users/Lisa/Documents/capstone-dpl-project/app/controllers/user_goals_controller.rb": [
        1,
        null
      ],
      "/Users/Lisa/Documents/capstone-dpl-project/spec/helpers/clients_helper_spec.rb": [
        1,
        null,
        null,
        null,
        null,
        null,
        null,
        null,
        null,
        null,
        null,
        null,
        1,
        1,
        null
      ],
      "/Users/Lisa/Documents/capstone-dpl-project/spec/helpers/user_goals_helper_spec.rb": [
        1,
        null,
        null,
        null,
        null,
        null,
        null,
        null,
        null,
        null,
        null,
        null,
        1,
        1,
        null
      ],
      "/Users/Lisa/Documents/capstone-dpl-project/spec/models/goal_spec.rb": [
        1,
        null,
        1,
        null,
        null,
        null
      ],
      "/Users/Lisa/Documents/capstone-dpl-project/app/models/goal.rb": [
        1,
        null
      ],
      "/Users/Lisa/Documents/capstone-dpl-project/spec/models/user_goal_spec.rb": [
        1,
        null,
        1,
        null,
        1,
        2,
        2,
        null,
        null
      ],
      "/Users/Lisa/Documents/capstone-dpl-project/app/models/user_goal.rb": [
        1,
        1,
        1,
        null
      ],
      "/Users/Lisa/Documents/capstone-dpl-project/spec/models/user_spec.rb": [
        1,
        null,
        1,
        null,
        1,
        2,
        null,
        null,
        1,
        2,
        2,
        2,
        null,
        null,
        1,
        1,
        1,
        null,
        1,
        1,
        null,
        null,
        null,
        1,
        1,
        1,
        null,
        1,
        1,
        null,
        null,
        null,
        1,
        1,
        1,
        null,
        1,
        1,
        null,
        null,
        null,
        null
      ]
    },
    "timestamp": 1405367754
  }
}
